[debug] [2018-11-17T13:31:05.310Z] ----------------------------------------------------------------------
[debug] [2018-11-17T13:31:05.310Z] Command:       C:\Users\felip\React\node.exe C:\Users\felip\AppData\Roaming\npm\node_modules\firebase-tools\lib\bin\firebase.js serve
[debug] [2018-11-17T13:31:05.310Z] CLI Version:   6.0.1
[debug] [2018-11-17T13:31:05.310Z] Platform:      win32
[debug] [2018-11-17T13:31:05.310Z] Node Version:  v8.12.0
[debug] [2018-11-17T13:31:05.310Z] Time:          Sat Nov 17 2018 14:31:05 GMT+0100 (Mitteleuropäische Zeit)
[debug] [2018-11-17T13:31:05.310Z] ----------------------------------------------------------------------
[debug] 
[debug] [2018-11-17T13:31:05.513Z] > command requires scopes: ["email","openid","https://www.googleapis.com/auth/cloudplatformprojects.readonly","https://www.googleapis.com/auth/firebase","https://www.googleapis.com/auth/cloud-platform"]
[debug] [2018-11-17T13:31:05.513Z] > authorizing via signed-in user
[debug] [2018-11-17T13:31:05.513Z] [iam] checking project cmspeqas for permissions ["firebase.projects.get"]
[debug] [2018-11-17T13:31:05.513Z] > refreshing access token with scopes: ["email","https://www.googleapis.com/auth/cloud-platform","https://www.googleapis.com/auth/cloudplatformprojects.readonly","https://www.googleapis.com/auth/firebase","openid"]
[debug] [2018-11-17T13:31:05.513Z] >>> HTTP REQUEST POST https://www.googleapis.com/oauth2/v3/token  
 <request body omitted>
[debug] [2018-11-17T13:31:05.794Z] <<< HTTP RESPONSE 200
[debug] [2018-11-17T13:31:05.872Z] >>> HTTP REQUEST POST https://cloudresourcemanager.googleapis.com/v1/projects/cmspeqas:testIamPermissions  

[debug] [2018-11-17T13:31:06.765Z] <<< HTTP RESPONSE 200
[debug] [2018-11-17T13:31:06.765Z] >>> HTTP REQUEST GET https://cloudresourcemanager.googleapis.com/v1/projects/cmspeqas  
 
[debug] [2018-11-17T13:31:07.590Z] <<< HTTP RESPONSE 200
[info] 
[info] === Serving from 'C:\Users\felip\Desktop\CMS'...
[info] 
[info] i  functions: Preparing to emulate functions.
[debug] [2018-11-17T13:31:28.538Z] Fetching environment
[debug] [2018-11-17T13:31:28.546Z] >>> HTTP REQUEST GET https://mobilesdk-pa.googleapis.com/v1/projects/96652663583:getServerAppConfig  
 
[debug] [2018-11-17T13:31:28.547Z] >>> HTTP REQUEST GET https://mobilesdk-pa.googleapis.com/v1/projects/96652663583/clients/_:getWebAppConfig  
 
[debug] [2018-11-17T13:31:28.851Z] <<< HTTP RESPONSE 200
[debug] [2018-11-17T13:31:28.852Z] Starting @google-cloud/functions-emulator
[debug] [2018-11-17T13:31:28.972Z] <<< HTTP RESPONSE 200
[info] i  hosting: Serving hosting files from: public
[info] +  hosting: Local server: http://localhost:5000
[debug] [2018-11-17T13:31:39.512Z] Parsing function triggers
[info] i  functions: No HTTPS functions found. Use firebase functions:shell if you would like to emulate other types of functions.
[debug] [2018-11-17T17:02:44.124Z] ----------------------------------------------------------------------
[debug] [2018-11-17T17:02:44.155Z] Command:       C:\Users\felip\React\node.exe C:\Users\felip\AppData\Roaming\npm\node_modules\firebase-tools\lib\bin\firebase.js serve
[debug] [2018-11-17T17:02:44.155Z] CLI Version:   6.0.1
[debug] [2018-11-17T17:02:44.155Z] Platform:      win32
[debug] [2018-11-17T17:02:44.155Z] Node Version:  v8.12.0
[debug] [2018-11-17T17:02:44.176Z] Time:          Sat Nov 17 2018 18:02:44 GMT+0100 (Mitteleuropäische Zeit)
[debug] [2018-11-17T17:02:44.176Z] ----------------------------------------------------------------------
[debug] 
[debug] [2018-11-17T17:02:44.381Z] > command requires scopes: ["email","openid","https://www.googleapis.com/auth/cloudplatformprojects.readonly","https://www.googleapis.com/auth/firebase","https://www.googleapis.com/auth/cloud-platform"]
[debug] [2018-11-17T17:02:44.381Z] > authorizing via signed-in user
[debug] [2018-11-17T17:02:44.381Z] [iam] checking project cmspeqas for permissions ["firebase.projects.get"]
[debug] [2018-11-17T17:02:44.381Z] > refreshing access token with scopes: ["email","https://www.googleapis.com/auth/cloud-platform","https://www.googleapis.com/auth/cloudplatformprojects.readonly","https://www.googleapis.com/auth/firebase","openid"]
[debug] [2018-11-17T17:02:44.381Z] >>> HTTP REQUEST POST https://www.googleapis.com/oauth2/v3/token  
 <request body omitted>
[debug] [2018-11-17T17:02:44.816Z] <<< HTTP RESPONSE 200
[debug] [2018-11-17T17:02:44.910Z] >>> HTTP REQUEST POST https://cloudresourcemanager.googleapis.com/v1/projects/cmspeqas:testIamPermissions  

[debug] [2018-11-17T17:02:45.785Z] <<< HTTP RESPONSE 200
[debug] [2018-11-17T17:02:45.785Z] >>> HTTP REQUEST GET https://cloudresourcemanager.googleapis.com/v1/projects/cmspeqas  
 
[debug] [2018-11-17T17:02:46.597Z] <<< HTTP RESPONSE 200
[info] 
[info] === Serving from 'C:\Users\felip\Desktop\CMS'...
[info] 
[info] i  functions: Preparing to emulate functions.
[debug] [2018-11-17T17:03:14.255Z] Fetching environment
[debug] [2018-11-17T17:03:14.271Z] >>> HTTP REQUEST GET https://mobilesdk-pa.googleapis.com/v1/projects/96652663583:getServerAppConfig  
 
[debug] [2018-11-17T17:03:14.271Z] >>> HTTP REQUEST GET https://mobilesdk-pa.googleapis.com/v1/projects/96652663583/clients/_:getWebAppConfig  
 
[debug] [2018-11-17T17:03:14.614Z] <<< HTTP RESPONSE 200
[debug] [2018-11-17T17:03:14.614Z] Starting @google-cloud/functions-emulator
[debug] [2018-11-17T17:03:14.833Z] <<< HTTP RESPONSE 200
[info] i  hosting: Serving hosting files from: public
[info] +  hosting: Local server: http://localhost:5000
[debug] [2018-11-17T17:03:24.582Z] Parsing function triggers
[info] i  functions: No HTTPS functions found. Use firebase functions:shell if you would like to emulate other types of functions.
[debug] [2018-11-19T10:22:20.973Z] ----------------------------------------------------------------------
[debug] [2018-11-19T10:22:21.017Z] Command:       C:\Users\felip\React\node.exe C:\Users\felip\AppData\Roaming\npm\node_modules\firebase-tools\lib\bin\firebase.js serve
[debug] [2018-11-19T10:22:21.017Z] CLI Version:   6.0.1
[debug] [2018-11-19T10:22:21.017Z] Platform:      win32
[debug] [2018-11-19T10:22:21.017Z] Node Version:  v8.12.0
[debug] [2018-11-19T10:22:21.021Z] Time:          Mon Nov 19 2018 11:22:21 GMT+0100 (Mitteleuropäische Zeit)
[debug] [2018-11-19T10:22:21.021Z] ----------------------------------------------------------------------
[debug] 
[debug] [2018-11-19T10:22:21.277Z] > command requires scopes: ["email","openid","https://www.googleapis.com/auth/cloudplatformprojects.readonly","https://www.googleapis.com/auth/firebase","https://www.googleapis.com/auth/cloud-platform"]
[debug] [2018-11-19T10:22:21.277Z] > authorizing via signed-in user
[debug] [2018-11-19T10:22:21.281Z] [iam] checking project cmspeqas for permissions ["firebase.projects.get"]
[debug] [2018-11-19T10:22:21.285Z] > refreshing access token with scopes: ["email","https://www.googleapis.com/auth/cloud-platform","https://www.googleapis.com/auth/cloudplatformprojects.readonly","https://www.googleapis.com/auth/firebase","openid"]
[debug] [2018-11-19T10:22:21.285Z] >>> HTTP REQUEST POST https://www.googleapis.com/oauth2/v3/token  
 <request body omitted>
[debug] [2018-11-19T10:22:21.633Z] <<< HTTP RESPONSE 200
[debug] [2018-11-19T10:22:21.673Z] >>> HTTP REQUEST POST https://cloudresourcemanager.googleapis.com/v1/projects/cmspeqas:testIamPermissions  

[debug] [2018-11-19T10:22:22.538Z] <<< HTTP RESPONSE 200
[debug] [2018-11-19T10:22:22.542Z] >>> HTTP REQUEST GET https://cloudresourcemanager.googleapis.com/v1/projects/cmspeqas  
 
[debug] [2018-11-19T10:22:23.352Z] <<< HTTP RESPONSE 200
[info] 
[info] === Serving from 'C:\Users\felip\Desktop\CMS'...
[info] 
[info] i  functions: Preparing to emulate functions.
[debug] [2018-11-19T10:22:49.503Z] Fetching environment
[debug] [2018-11-19T10:22:49.534Z] >>> HTTP REQUEST GET https://mobilesdk-pa.googleapis.com/v1/projects/96652663583:getServerAppConfig  
 
[debug] [2018-11-19T10:22:49.534Z] >>> HTTP REQUEST GET https://mobilesdk-pa.googleapis.com/v1/projects/96652663583/clients/_:getWebAppConfig  
 
[debug] [2018-11-19T10:22:49.847Z] <<< HTTP RESPONSE 200
[debug] [2018-11-19T10:22:49.847Z] Starting @google-cloud/functions-emulator
[debug] [2018-11-19T10:22:50.112Z] <<< HTTP RESPONSE 200
[info] i  hosting: Serving hosting files from: public
[info] +  hosting: Local server: http://localhost:5000
[debug] [2018-11-19T10:23:01.910Z] Parsing function triggers
[info] i  functions: No HTTPS functions found. Use firebase functions:shell if you would like to emulate other types of functions.
